<?xml version="1.0" encoding="UTF-8"?>
<!-- Generated by org.testng.reporters.JUnitReportReporter -->
<testsuite hostname="Mohammad-Adel" failures="0" tests="7" name="Job_Module.JobCategoriesTest" time="56.359" errors="0" timestamp="2025-09-04T21:00:46 EEST" skipped="0">
  <testcase classname="Job_Module.JobCategoriesTest" name="testAddJobCategoryValidInput" time="8.661"/>
  <testcase classname="Job_Module.JobCategoriesTest" name="testJobCategoryFieldCannotBeBlank" time="7.022"/>
  <testcase classname="Job_Module.JobCategoriesTest" name="testDuplicateJobCategoryNotAllowed" time="8.305"/>
  <testcase classname="Job_Module.JobCategoriesTest" name="testEditJobCategory" time="8.608"/>
  <testcase classname="Job_Module.JobCategoriesTest" name="testDeleteSingleJobCategory" time="7.177"/>
  <testcase classname="Job_Module.JobCategoriesTest" name="testDeleteMultipleJobCategories" time="7.956"/>
  <testcase classname="Job_Module.JobCategoriesTest" name="testSpecialCharactersInJobCategory" time="8.630"/>
</testsuite> <!-- Job_Module.JobCategoriesTest -->
