<?xml version="1.0" encoding="UTF-8"?>
<!-- Generated by org.testng.reporters.JUnitReportReporter -->
<testsuite hostname="Mohammad-Adel" failures="0" tests="1" name="QABootcamp_Maven.ttttttt.AppTest" time="0.018" errors="0" timestamp="2025-09-04T20:38:09 EEST" skipped="0">
  <testcase classname="QABootcamp_Maven.ttttttt.AppTest" name="shouldAnswerWithTrue" time="0.018"/>
</testsuite> <!-- QABootcamp_Maven.ttttttt.AppTest -->
