<?xml version="1.0" encoding="UTF-8"?>
<!-- Generated by org.testng.reporters.JUnitReportReporter -->
<testsuite hostname="Mohammad-Adel" failures="0" tests="8" name="User_Management_Module.UserManagementTest" time="50.694" errors="0" timestamp="2025-09-04T21:00:46 EEST" skipped="0">
  <testcase classname="User_Management_Module.UserManagementTest" name="addUser" time="19.256"/>
  <testcase classname="User_Management_Module.UserManagementTest" name="searchUser" time="1.760"/>
  <testcase classname="User_Management_Module.UserManagementTest" name="checkUniqeUserName" time="2.697"/>
  <testcase classname="User_Management_Module.UserManagementTest" name="checkPassword" time="0.617"/>
  <testcase classname="User_Management_Module.UserManagementTest" name="checkRequiredFields" time="1.255"/>
  <testcase classname="User_Management_Module.UserManagementTest" name="deleteUser" time="6.781"/>
  <testcase classname="User_Management_Module.UserManagementTest" name="editUser" time="12.819"/>
  <testcase classname="User_Management_Module.UserManagementTest" name="deleteAllUser" time="5.509"/>
</testsuite> <!-- User_Management_Module.UserManagementTest -->
