<?xml version="1.0" encoding="UTF-8"?>
<!-- Generated by org.testng.reporters.JUnitReportReporter -->
<testsuite hostname="Mohammad-Adel" failures="0" tests="7" name="Job_Module.WorkShiftsTest" time="73.963" errors="0" timestamp="2025-09-04T21:00:46 EEST" skipped="0">
  <testcase classname="Job_Module.WorkShiftsTest" name="addValidWorkShift" time="18.658"/>
  <testcase classname="Job_Module.WorkShiftsTest" name="addOvernightWorkShift_bugShowsError" time="6.945"/>
  <testcase classname="Job_Module.WorkShiftsTest" name="cannotAddWithMissingMandatoryFields" time="7.402"/>
  <testcase classname="Job_Module.WorkShiftsTest" name="cannotAddDuplicateName" time="13.508"/>
  <testcase classname="Job_Module.WorkShiftsTest" name="editDayShiftToDayShift2" time="8.544"/>
  <testcase classname="Job_Module.WorkShiftsTest" name="deleteSingleWorkShift" time="5.642"/>
  <testcase classname="Job_Module.WorkShiftsTest" name="deleteMultipleWorkShifts" time="13.264"/>
</testsuite> <!-- Job_Module.WorkShiftsTest -->
