<?xml version="1.0" encoding="UTF-8"?>
<!-- Generated by org.testng.reporters.JUnitReportReporter -->
<testsuite hostname="Mohammad-Adel" failures="0" tests="6" name="Job_Module.EmploymentStatusTest" time="59.486" errors="0" timestamp="2025-09-04T21:00:46 EEST" skipped="0">
  <testcase classname="Job_Module.EmploymentStatusTest" name="testAddEmploymentStatus" time="10.338"/>
  <testcase classname="Job_Module.EmploymentStatusTest" name="testEmploymentStatusFieldCannotBeBlank" time="8.272"/>
  <testcase classname="Job_Module.EmploymentStatusTest" name="testEditEmploymentStatus" time="9.556"/>
  <testcase classname="Job_Module.EmploymentStatusTest" name="testDeleteSingleEmploymentStatus" time="8.339"/>
  <testcase classname="Job_Module.EmploymentStatusTest" name="testDeleteMultipleEmploymentStatuses" time="8.278"/>
  <testcase classname="Job_Module.EmploymentStatusTest" name="testDuplicateEmploymentStatusNotAllowed" time="14.703"/>
</testsuite> <!-- Job_Module.EmploymentStatusTest -->
