<?xml version="1.0" encoding="UTF-8"?>
<!-- Generated by org.testng.reporters.JUnitReportReporter -->
<testsuite hostname="Mohammad-Adel" failures="0" tests="4" name="Organization_Module.OrganizationGeneralInfoTest" time="9.936" errors="0" timestamp="2025-09-04T21:00:46 EEST" skipped="0">
  <testcase classname="Organization_Module.OrganizationGeneralInfoTest" name="InvalidBlankEditTest" time="2.341"/>
  <testcase classname="Organization_Module.OrganizationGeneralInfoTest" name="InvalidEmailTest" time="2.596"/>
  <testcase classname="Organization_Module.OrganizationGeneralInfoTest" name="InvalidPhoneNumberTest" time="2.102"/>
  <testcase classname="Organization_Module.OrganizationGeneralInfoTest" name="OrganizationNameTest" time="2.897"/>
</testsuite> <!-- Organization_Module.OrganizationGeneralInfoTest -->
