<?xml version="1.0" encoding="UTF-8"?>
<!-- Generated by org.testng.reporters.JUnitReportReporter -->
<testsuite hostname="Mohammad-Adel" failures="0" tests="4" name="PIM_Module.AddEmployeeTest" time="20.638" errors="0" timestamp="2025-09-04T21:00:46 EEST" skipped="0">
  <testcase classname="PIM_Module.AddEmployeeTest" name="validAddEmployee" time="8.010"/>
  <testcase classname="PIM_Module.AddEmployeeTest" name="invalidAddEmployeeWithBlankFields" time="4.488"/>
  <testcase classname="PIM_Module.AddEmployeeTest" name="invalidAddEmployeeWithTooLargeData" time="3.673"/>
  <testcase classname="PIM_Module.AddEmployeeTest" name="cancelAddEmployeeTest" time="4.467"/>
</testsuite> <!-- PIM_Module.AddEmployeeTest -->
