<?xml version="1.0" encoding="UTF-8"?>
<!-- Generated by org.testng.reporters.JUnitReportReporter -->
<testsuite hostname="Mohammad-Adel" failures="0" tests="10" name="Job_Module.PayGradesTest" time="62.257" errors="0" timestamp="2025-09-04T21:00:46 EEST" skipped="0">
  <testcase classname="Job_Module.PayGradesTest" name="addPayGrade" time="10.704"/>
  <testcase classname="Job_Module.PayGradesTest" name="checkRequiredFields" time="2.942"/>
  <testcase classname="Job_Module.PayGradesTest" name="verifyInvalidSalaryWarning" time="4.122"/>
  <testcase classname="Job_Module.PayGradesTest" name="verifyNegativeSalaryWarning" time="0.729"/>
  <testcase classname="Job_Module.PayGradesTest" name="deleteOneCurrency" time="10.940"/>
  <testcase classname="Job_Module.PayGradesTest" name="deleteAllCurrencies" time="8.757"/>
  <testcase classname="Job_Module.PayGradesTest" name="editPayGradeName" time="7.717"/>
  <testcase classname="Job_Module.PayGradesTest" name="editCurrencyDetails" time="6.226"/>
  <testcase classname="Job_Module.PayGradesTest" name="deleteOnePayGrade" time="6.170"/>
  <testcase classname="Job_Module.PayGradesTest" name="deleteAllPayGrades" time="3.950"/>
</testsuite> <!-- Job_Module.PayGradesTest -->
